<?xml version="1.0" encoding="UTF-8"?>
<!-- Generated by org.testng.reporters.JUnitReportReporter -->
<testsuite hostname="DESKTOP-HRT407G" failures="0" tests="1" name="com.selenium.functionalTest.FirstTest" time="8.414" errors="0" timestamp="06 Aug 2021 18:03:08 GMT" skipped="0">
  <testcase classname="com.selenium.functionalTest.FirstTest" name="firstTestCase" time="8.414"/>
</testsuite> <!-- com.selenium.functionalTest.FirstTest -->
