<?xml version="1.0" encoding="UTF-8"?>
<!-- Generated by org.testng.reporters.JUnitReportReporter -->
<testsuite hostname="DESKTOP-HRT407G" failures="0" tests="1" name="com.selenium.functionalTest.SecondTest" time="7.907" errors="0" timestamp="06 Aug 2021 19:28:44 GMT" skipped="0">
  <testcase classname="com.selenium.functionalTest.SecondTest" name="secondTestcase" time="7.907"/>
</testsuite> <!-- com.selenium.functionalTest.SecondTest -->
