<?xml version="1.0" encoding="UTF-8"?>
<!-- Generated by org.testng.reporters.JUnitReportReporter -->
<testsuite hostname="DESKTOP-HRT407G" failures="0" tests="1" name="com.selenium.functionalTest.FirstTest" time="10.624" errors="0" timestamp="11 Aug 2021 08:11:12 GMT" skipped="0">
  <testcase classname="com.selenium.functionalTest.FirstTest" name="firstTestCase" time="10.624"/>
</testsuite> <!-- com.selenium.functionalTest.FirstTest -->
